  Automatic MOC and UIC for target roosek2
  Automatic RCC for qml.qrc
  Building Custom Rule C:/msys64/home/LZ/roosek_ocr2/CMakeLists.txt
  mocs_compilation.cpp
  main.cpp
  ImageStream.cpp
C:\msys64\home\LZ\roosek_ocr2\ImageStream.cpp(202,22): warning C4018: '<': signed/unsigned mismatch
C:\msys64\home\LZ\roosek_ocr2\ImageStream.cpp(206,28): warning C4018: '<': signed/unsigned mismatch
C:\msys64\home\LZ\roosek_ocr2\ImageStream.cpp(143,17): warning C4101: 'BitsFrame': unreferenced local variable
C:\msys64\home\LZ\roosek_ocr2\ImageStream.cpp(144,17): warning C4101: 'timestamp': unreferenced local variable
C:\msys64\home\LZ\roosek_ocr2\ImageStream.cpp(139,55): warning C4101: 'InOutSize': unreferenced local variable
C:\msys64\home\LZ\roosek_ocr2\ImageStream.cpp(139,66): warning C4101: 'TickBegin': unreferenced local variable
C:\msys64\home\LZ\roosek_ocr2\ImageStream.cpp(139,77): warning C4101: 'TickEnd': unreferenced local variable
  YuvUtils.cpp
  CameraView.cpp
  qrc_qml.cpp
  Generating Code...
mocs_compilation.obj : error LNK2019: unresolved external symbol "__declspec(dllimport) public: struct QMetaObject * __cdecl QObjectData::dynamicMetaObject(void)const " (__imp_?dynamicMetaObject@QObjectData@@QEBAPEAUQMetaObject@@XZ) referenced in function "public: virtual struct QMetaObject const * __cdecl CameraView::metaObject(void)const " (?metaObject@CameraView@@UEBAPEBUQMetaObject@@XZ)
mocs_compilation.obj : error LNK2019: unresolved external symbol "__declspec(dllimport) public: virtual void * __cdecl QQuickPaintedItem::qt_metacast(char const *)" (__imp_?qt_metacast@QQuickPaintedItem@@UEAAPEAXPEBD@Z) referenced in function "public: virtual void * __cdecl CameraView::qt_metacast(char const *)" (?qt_metacast@CameraView@@UEAAPEAXPEBD@Z)
mocs_compilation.obj : error LNK2019: unresolved external symbol "__declspec(dllimport) public: virtual int __cdecl QQuickPaintedItem::qt_metacall(enum QMetaObject::Call,int,void * *)" (__imp_?qt_metacall@QQuickPaintedItem@@UEAAHW4Call@QMetaObject@@HPEAPEAX@Z) referenced in function "public: virtual int __cdecl CameraView::qt_metacall(enum QMetaObject::Call,int,void * *)" (?qt_metacall@CameraView@@UEAAHW4Call@QMetaObject@@HPEAPEAX@Z)
mocs_compilation.obj : error LNK2001: unresolved external symbol "__declspec(dllimport) public: static struct QMetaObject const QQuickPaintedItem::staticMetaObject" (__imp_?staticMetaObject@QQuickPaintedItem@@2UQMetaObject@@B)
main.obj : error LNK2019: unresolved external symbol "__declspec(dllimport) void __cdecl qt_assert(char const *,char const *,int)" (__imp_?qt_assert@@YAXPEBD0H@Z) referenced in function "public: char & __cdecl QVarLengthArray<char,48>::operator[](int)" (??A?$QVarLengthArray@D$0DA@@@QEAAAEADH@Z)
main.obj : error LNK2019: unresolved external symbol "__declspec(dllimport) void __cdecl qt_assert_x(char const *,char const *,char const *,int)" (__imp_?qt_assert_x@@YAXPEBD00H@Z) referenced in function "int __cdecl qRegisterNormalizedMetaType<class CameraView *>(class QByteArray const &,class CameraView * *,enum QtPrivate::MetaTypeDefinedHelper<class CameraView *,1>::DefinedType)" (??$qRegisterNormalizedMetaType@PEAVCameraView@@@@YAHAEBVQByteArray@@PEAPEAVCameraView@@W4DefinedType@?$MetaTypeDefinedHelper@PEAVCameraView@@$00@QtPrivate@@@Z)
main.obj : error LNK2019: unresolved external symbol "__declspec(dllimport) void __cdecl qBadAlloc(void)" (__imp_?qBadAlloc@@YAXXZ) referenced in function "public: __cdecl QVarLengthArray<char,48>::QVarLengthArray<char,48>(int)" (??0?$QVarLengthArray@D$0DA@@@QEAA@H@Z)
main.obj : error LNK2019: unresolved external symbol "__declspec(dllimport) public: __cdecl QByteArray::QByteArray(void)" (__imp_??0QByteArray@@QEAA@XZ) referenced in function "public: static int __cdecl QMetaTypeIdQObject<class CameraView *,8>::qt_metatype_id(void)" (?qt_metatype_id@?$QMetaTypeIdQObject@PEAVCameraView@@$07@@SAHXZ)
main.obj : error LNK2019: unresolved external symbol "__declspec(dllimport) public: __cdecl QByteArray::QByteArray(char const *,int)" (__imp_??0QByteArray@@QEAA@PEBDH@Z) referenced in function "int __cdecl qmlRegisterType<class CameraView>(char const *,int,int,char const *)" (??$qmlRegisterType@VCameraView@@@@YAHPEBDHH0@Z)
main.obj : error LNK2019: unresolved external symbol "__declspec(dllimport) public: __cdecl QByteArray::~QByteArray(void)" (__imp_??1QByteArray@@QEAA@XZ) referenced in function "int __cdecl qRegisterNormalizedMetaType<class CameraView *>(class QByteArray const &,class CameraView * *,enum QtPrivate::MetaTypeDefinedHelper<class CameraView *,1>::DefinedType)" (??$qRegisterNormalizedMetaType@PEAVCameraView@@@@YAHAEBVQByteArray@@PEAPEAVCameraView@@W4DefinedType@?$MetaTypeDefinedHelper@PEAVCameraView@@$00@QtPrivate@@@Z)
main.obj : error LNK2019: unresolved external symbol "__declspec(dllimport) public: int __cdecl QByteArray::size(void)const " (__imp_?size@QByteArray@@QEBAHXZ) referenced in function "bool __cdecl operator==(class QByteArray const &,class QByteArray const &)" (??8@YA_NAEBVQByteArray@@0@Z)
main.obj : error LNK2019: unresolved external symbol "__declspec(dllimport) public: void __cdecl QByteArray::reserve(int)" (__imp_?reserve@QByteArray@@QEAAXH@Z) referenced in function "public: static int __cdecl QMetaTypeIdQObject<class CameraView *,8>::qt_metatype_id(void)" (?qt_metatype_id@?$QMetaTypeIdQObject@PEAVCameraView@@$07@@SAHXZ)
main.obj : error LNK2019: unresolved external symbol "__declspec(dllimport) public: char const * __cdecl QByteArray::constData(void)const " (__imp_?constData@QByteArray@@QEBAPEBDXZ) referenced in function "int __cdecl qRegisterNormalizedMetaType<class CameraView *>(class QByteArray const &,class CameraView * *,enum QtPrivate::MetaTypeDefinedHelper<class CameraView *,1>::DefinedType)" (??$qRegisterNormalizedMetaType@PEAVCameraView@@@@YAHAEBVQByteArray@@PEAPEAVCameraView@@W4DefinedType@?$MetaTypeDefinedHelper@PEAVCameraView@@$00@QtPrivate@@@Z)
main.obj : error LNK2019: unresolved external symbol "__declspec(dllimport) public: class QByteArray & __cdecl QByteArray::append(char)" (__imp_?append@QByteArray@@QEAAAEAV1@D@Z) referenced in function "public: static int __cdecl QMetaTypeIdQObject<class CameraView *,8>::qt_metatype_id(void)" (?qt_metatype_id@?$QMetaTypeIdQObject@PEAVCameraView@@$07@@SAHXZ)
main.obj : error LNK2019: unresolved external symbol "__declspec(dllimport) public: class QByteArray & __cdecl QByteArray::append(char const *)" (__imp_?append@QByteArray@@QEAAAEAV1@PEBD@Z) referenced in function "public: static int __cdecl QMetaTypeIdQObject<class CameraView *,8>::qt_metatype_id(void)" (?qt_metatype_id@?$QMetaTypeIdQObject@PEAVCameraView@@$07@@SAHXZ)
main.obj : error LNK2019: unresolved external symbol "__declspec(dllimport) public: __cdecl QString::QString(void)" (__imp_??0QString@@QEAA@XZ) referenced in function "int __cdecl qmlRegisterType<class CameraView>(char const *,int,int,char const *)" (??$qmlRegisterType@VCameraView@@@@YAHPEBDHH0@Z)
main.obj : error LNK2019: unresolved external symbol "__declspec(dllimport) public: __cdecl QString::QString(class QString const &)" (__imp_??0QString@@QEAA@AEBV0@@Z) referenced in function "public: class QString __cdecl <lambda_04f2a2c922826feed5fcc404387700a3>::operator()(void)const " (??R<lambda_04f2a2c922826feed5fcc404387700a3>@@QEBA?AVQString@@XZ)
main.obj : error LNK2019: unresolved external symbol "__declspec(dllimport) public: __cdecl QString::~QString(void)" (__imp_??1QString@@QEAA@XZ) referenced in function main
main.obj : error LNK2019: unresolved external symbol "__declspec(dllimport) public: __cdecl QString::QString(char const *)" (__imp_??0QString@@QEAA@PEBD@Z) referenced in function main
main.obj : error LNK2019: unresolved external symbol "__declspec(dllimport) public: __cdecl QString::QString(struct QStringDataPtr)" (__imp_??0QString@@QEAA@UQStringDataPtr@@@Z) referenced in function "public: class QString __cdecl <lambda_04f2a2c922826feed5fcc404387700a3>::operator()(void)const " (??R<lambda_04f2a2c922826feed5fcc404387700a3>@@QEBA?AVQString@@XZ)
main.obj : error LNK2019: unresolved external symbol "__declspec(dllimport) public: __cdecl QGenericArgument::QGenericArgument(char const *,void const *)" (__imp_??0QGenericArgument@@QEAA@PEBDPEBX@Z) referenced in function "public: void __cdecl <lambda_9073a9c56342c38d960eebd30b8946ea>::operator()(class std::unique_ptr<class SimpleBuffer<unsigned char>,struct std::default_delete<class SimpleBuffer<unsigned char> > >,int,int)const " (??R<lambda_9073a9c56342c38d960eebd30b8946ea>@@QEBAXV?$unique_ptr@V?$SimpleBuffer@E@@U?$default_delete@V?$SimpleBuffer@E@@@std@@@std@@HH@Z)
main.obj : error LNK2019: unresolved external symbol "__declspec(dllimport) public: char const * __cdecl QMetaObject::className(void)const " (__imp_?className@QMetaObject@@QEBAPEBDXZ) referenced in function "int __cdecl qmlRegisterType<class CameraView>(char const *,int,int,char const *)" (??$qmlRegisterType@VCameraView@@@@YAHPEBDHH0@Z)
main.obj : error LNK2019: unresolved external symbol "__declspec(dllimport) public: static class QByteArray __cdecl QMetaObject::normalizedType(char const *)" (__imp_?normalizedType@QMetaObject@@SA?AVQByteArray@@PEBD@Z) referenced in function "int __cdecl qRegisterNormalizedMetaType<class CameraView *>(class QByteArray const &,class CameraView * *,enum QtPrivate::MetaTypeDefinedHelper<class CameraView *,1>::DefinedType)" (??$qRegisterNormalizedMetaType@PEAVCameraView@@@@YAHAEBVQByteArray@@PEAPEAVCameraView@@W4DefinedType@?$MetaTypeDefinedHelper@PEAVCameraView@@$00@QtPrivate@@@Z)
main.obj : error LNK2019: unresolved external symbol "__declspec(dllimport) public: static bool __cdecl QMetaObject::invokeMethod(class QObject *,char const *,enum Qt::ConnectionType,class QGenericArgument,class QGenericArgument,class QGenericArgument,class QGenericArgument,class QGenericArgument,class QGenericArgument,class QGenericArgument,class QGenericArgument,class QGenericArgument,class QGenericArgument)" (__imp_?invokeMethod@QMetaObject@@SA_NPEAVQObject@@PEBDW4ConnectionType@Qt@@VQGenericArgument@@333333333@Z) referenced in function "public: void __cdecl <lambda_9073a9c56342c38d960eebd30b8946ea>::operator()(class std::unique_ptr<class SimpleBuffer<unsigned char>,struct std::default_delete<class SimpleBuffer<unsigned char> > >,int,int)const " (??R<lambda_9073a9c56342c38d960eebd30b8946ea>@@QEBAXV?$unique_ptr@V?$SimpleBuffer@E@@U?$default_delete@V?$SimpleBuffer@E@@@std@@@std@@HH@Z)
main.obj : error LNK2019: unresolved external symbol "__declspec(dllimport) public: __cdecl QMetaObject::Connection::~Connection(void)" (__imp_??1Connection@QMetaObject@@QEAA@XZ) referenced in function main
main.obj : error LNK2019: unresolved external symbol "__declspec(dllimport) public: struct QListData::Data * __cdecl QListData::detach(int)" (__imp_?detach@QListData@@QEAAPEAUData@1@H@Z) referenced in function "private: void __cdecl QList<class QObject *>::detach_helper(int)" (?detach_helper@?$QList@PEAVQObject@@@@AEAAXH@Z)
main.obj : error LNK2019: unresolved external symbol "__declspec(dllimport) public: void __cdecl QListData::dispose(void)" (__imp_?dispose@QListData@@QEAAXXZ) referenced in function __catch$?detach_helper@?$QList@PEAVQObject@@@@AEAAXH@Z$0
main.obj : error LNK2019: unresolved external symbol "__declspec(dllimport) public: static void __cdecl QListData::dispose(struct QListData::Data *)" (__imp_?dispose@QListData@@SAXPEAUData@1@@Z) referenced in function "private: void __cdecl QList<class QObject *>::dealloc(struct QListData::Data *)" (?dealloc@?$QList@PEAVQObject@@@@AEAAXPEAUData@QListData@@@Z)
main.obj : error LNK2019: unresolved external symbol "__declspec(dllimport) public: bool __cdecl QListData::isEmpty(void)const " (__imp_?isEmpty@QListData@@QEBA_NXZ) referenced in function "public: bool __cdecl QList<class QObject *>::isEmpty(void)const " (?isEmpty@?$QList@PEAVQObject@@@@QEBA_NXZ)
main.obj : error LNK2019: unresolved external symbol "__declspec(dllimport) public: void * * __cdecl QListData::begin(void)const " (__imp_?begin@QListData@@QEBAPEAPEAXXZ) referenced in function "public: class QList<class QObject *>::iterator __cdecl QList<class QObject *>::begin(void)" (?begin@?$QList@PEAVQObject@@@@QEAA?AViterator@1@XZ)
main.obj : error LNK2019: unresolved external symbol "__declspec(dllimport) public: void * * __cdecl QListData::end(void)const " (__imp_?end@QListData@@QEBAPEAPEAXXZ) referenced in function "private: void __cdecl QList<class QObject *>::detach_helper(int)" (?detach_helper@?$QList@PEAVQObject@@@@AEAAXH@Z)
main.obj : error LNK2019: unresolved external symbol "__declspec(dllimport) public: static int __cdecl QMetaType::registerNormalizedType(class QByteArray const &,void (__cdecl*)(void *),void * (__cdecl*)(void *,void const *),int,class QFlags<enum QMetaType::TypeFlag>,struct QMetaObject const *)" (__imp_?registerNormalizedType@QMetaType@@SAHAEBVQByteArray@@P6AXPEAX@ZP6APEAX1PEBX@ZHV?$QFlags@W4TypeFlag@QMetaType@@@@PEBUQMetaObject@@@Z) referenced in function "int __cdecl qRegisterNormalizedMetaType<class CameraView *>(class QByteArray const &,class CameraView * *,enum QtPrivate::MetaTypeDefinedHelper<class CameraView *,1>::DefinedType)" (??$qRegisterNormalizedMetaType@PEAVCameraView@@@@YAHAEBVQByteArray@@PEAPEAVCameraView@@W4DefinedType@?$MetaTypeDefinedHelper@PEAVCameraView@@$00@QtPrivate@@@Z)
main.obj : error LNK2019: unresolved external symbol "__declspec(dllimport) public: static int __cdecl QMetaType::registerNormalizedTypedef(class QByteArray const &,int)" (__imp_?registerNormalizedTypedef@QMetaType@@SAHAEBVQByteArray@@H@Z) referenced in function "int __cdecl qRegisterNormalizedMetaType<class CameraView *>(class QByteArray const &,class CameraView * *,enum QtPrivate::MetaTypeDefinedHelper<class CameraView *,1>::DefinedType)" (??$qRegisterNormalizedMetaType@PEAVCameraView@@@@YAHAEBVQByteArray@@PEAPEAVCameraView@@W4DefinedType@?$MetaTypeDefinedHelper@PEAVCameraView@@$00@QtPrivate@@@Z)
main.obj : error LNK2019: unresolved external symbol "__declspec(dllimport) class QObject * __cdecl qt_qFindChild_helper(class QObject const *,class QString const &,struct QMetaObject const &,class QFlags<enum Qt::FindChildOption>)" (__imp_?qt_qFindChild_helper@@YAPEAVQObject@@PEBV1@AEBVQString@@AEBUQMetaObject@@V?$QFlags@W4FindChildOption@Qt@@@@@Z) referenced in function "public: class QObject * __cdecl QObject::findChild<class QObject *>(class QString const &,class QFlags<enum Qt::FindChildOption>)const " (??$findChild@PEAVQObject@@@QObject@@QEBAPEAV0@AEBVQString@@V?$QFlags@W4FindChildOption@Qt@@@@@Z)
main.obj : error LNK2019: unresolved external symbol "__declspec(dllimport) private: static class QMetaObject::Connection __cdecl QObject::connectImpl(class QObject const *,void * *,class QObject const *,void * *,class QtPrivate::QSlotObjectBase *,enum Qt::ConnectionType,int const *,struct QMetaObject const *)" (__imp_?connectImpl@QObject@@CA?AVConnection@QMetaObject@@PEBV1@PEAPEAX01PEAVQSlotObjectBase@QtPrivate@@W4ConnectionType@Qt@@PEBHPEBU3@@Z) referenced in function "public: static class QMetaObject::Connection __cdecl QObject::connect<void (__cdecl QQmlApplicationEngine::*)(class QObject *,class QUrl const &),class <lambda_255aa64b4bee82bbe4840d92d3753f98> >(class QQmlApplicationEngine const *,void (__cdecl QQmlApplicationEngine::*)(class QObject *,class QUrl const &),class QObject const *,class <lambda_255aa64b4bee82bbe4840d92d3753f98>,enum Qt::ConnectionType)" (??$connect@P8QQmlApplicationEngine@@EAAXPEAVQObject@@AEBVQUrl@@@ZV<lambda_255aa64b4bee82bbe4840d92d3753f98>@@@QObject@@SA?AVConnection@QMetaObject@@PEBVQQmlApplicationEngine@@P83@EAAXPEAV0@AEBVQUrl@@@ZPEBV0@V<lambda_255aa64b4bee82bbe4840d92d3753f98>@@W4ConnectionType@Qt@@@Z)
main.obj : error LNK2019: unresolved external symbol "__declspec(dllimport) public: static void __cdecl QCoreApplication::setAttribute(enum Qt::ApplicationAttribute,bool)" (__imp_?setAttribute@QCoreApplication@@SAXW4ApplicationAttribute@Qt@@_N@Z) referenced in function main
main.obj : error LNK2019: unresolved external symbol "__declspec(dllimport) public: static void __cdecl QCoreApplication::exit(int)" (__imp_?exit@QCoreApplication@@SAXH@Z) referenced in function "public: void __cdecl <lambda_255aa64b4bee82bbe4840d92d3753f98>::operator()(class QObject *,class QUrl const &)const " (??R<lambda_255aa64b4bee82bbe4840d92d3753f98>@@QEBAXPEAVQObject@@AEBVQUrl@@@Z)
main.obj : error LNK2019: unresolved external symbol "__declspec(dllimport) public: __cdecl QGuiApplication::QGuiApplication(int &,char * *,int)" (__imp_??0QGuiApplication@@QEAA@AEAHPEAPEADH@Z) referenced in function main
main.obj : error LNK2019: unresolved external symbol "__declspec(dllimport) public: virtual __cdecl QGuiApplication::~QGuiApplication(void)" (__imp_??1QGuiApplication@@UEAA@XZ) referenced in function main
main.obj : error LNK2019: unresolved external symbol "__declspec(dllimport) public: static int __cdecl QGuiApplication::exec(void)" (__imp_?exec@QGuiApplication@@SAHXZ) referenced in function main
main.obj : error LNK2019: unresolved external symbol "__declspec(dllimport) public: __cdecl QUrl::QUrl(class QUrl const &)" (__imp_??0QUrl@@QEAA@AEBV0@@Z) referenced in function "public: __cdecl <lambda_255aa64b4bee82bbe4840d92d3753f98>::<lambda_255aa64b4bee82bbe4840d92d3753f98>(class <lambda_255aa64b4bee82bbe4840d92d3753f98> &&)" (??0<lambda_255aa64b4bee82bbe4840d92d3753f98>@@QEAA@$$QEAV0@@Z)
main.obj : error LNK2019: unresolved external symbol "__declspec(dllimport) public: __cdecl QUrl::QUrl(class QString const &,enum QUrl::ParsingMode)" (__imp_??0QUrl@@QEAA@AEBVQString@@W4ParsingMode@0@@Z) referenced in function main
main.obj : error LNK2019: unresolved external symbol "__declspec(dllimport) public: __cdecl QUrl::~QUrl(void)" (__imp_??1QUrl@@QEAA@XZ) referenced in function main
main.obj : error LNK2019: unresolved external symbol "__declspec(dllimport) public: bool __cdecl QUrl::operator==(class QUrl const &)const " (__imp_??8QUrl@@QEBA_NAEBV0@@Z) referenced in function "public: void __cdecl <lambda_255aa64b4bee82bbe4840d92d3753f98>::operator()(class QObject *,class QUrl const &)const " (??R<lambda_255aa64b4bee82bbe4840d92d3753f98>@@QEBAXPEAVQObject@@AEBVQUrl@@@Z)
main.obj : error LNK2019: unresolved external symbol "__declspec(dllimport) public: __cdecl QQmlDebuggingEnabler::QQmlDebuggingEnabler(bool)" (__imp_??0QQmlDebuggingEnabler@@QEAA@_N@Z) referenced in function "void __cdecl `dynamic initializer for 'qQmlEnableDebuggingHelper''(void)" (??__EqQmlEnableDebuggingHelper@@YAXXZ)
main.obj : error LNK2019: unresolved external symbol "__declspec(dllimport) void __cdecl QQmlPrivate::qdeclarativeelement_destructor(class QObject *)" (__imp_?qdeclarativeelement_destructor@QQmlPrivate@@YAXPEAVQObject@@@Z) referenced in function "public: virtual __cdecl QQmlPrivate::QQmlElement<class CameraView>::~QQmlElement<class CameraView>(void)" (??1?$QQmlElement@VCameraView@@@QQmlPrivate@@UEAA@XZ)
main.obj : error LNK2019: unresolved external symbol "__declspec(dllimport) int __cdecl QQmlPrivate::qmlregister(enum QQmlPrivate::RegistrationType,void *)" (__imp_?qmlregister@QQmlPrivate@@YAHW4RegistrationType@1@PEAX@Z) referenced in function "int __cdecl qmlRegisterType<class CameraView>(char const *,int,int,char const *)" (??$qmlRegisterType@VCameraView@@@@YAHPEBDHH0@Z)
main.obj : error LNK2019: unresolved external symbol "__declspec(dllimport) public: __cdecl QQmlApplicationEngine::QQmlApplicationEngine(class QObject *)" (__imp_??0QQmlApplicationEngine@@QEAA@PEAVQObject@@@Z) referenced in function main
main.obj : error LNK2019: unresolved external symbol "__declspec(dllimport) public: virtual __cdecl QQmlApplicationEngine::~QQmlApplicationEngine(void)" (__imp_??1QQmlApplicationEngine@@UEAA@XZ) referenced in function main
main.obj : error LNK2019: unresolved external symbol "__declspec(dllimport) public: class QList<class QObject *> __cdecl QQmlApplicationEngine::rootObjects(void)" (__imp_?rootObjects@QQmlApplicationEngine@@QEAA?AV?$QList@PEAVQObject@@@@XZ) referenced in function main
main.obj : error LNK2019: unresolved external symbol "__declspec(dllimport) public: void __cdecl QQmlApplicationEngine::load(class QUrl const &)" (__imp_?load@QQmlApplicationEngine@@QEAAXAEBVQUrl@@@Z) referenced in function main
main.obj : error LNK2019: unresolved external symbol "__declspec(dllimport) public: void __cdecl QQmlApplicationEngine::objectCreated(class QObject *,class QUrl const &)" (__imp_?objectCreated@QQmlApplicationEngine@@QEAAXPEAVQObject@@AEBVQUrl@@@Z) referenced in function main
main.obj : error LNK2019: unresolved external symbol "__declspec(dllimport) public: __cdecl QImage::QImage(void)" (__imp_??0QImage@@QEAA@XZ) referenced in function "public: __cdecl CameraView::CameraView(class QQuickItem *)" (??0CameraView@@QEAA@PEAVQQuickItem@@@Z)
main.obj : error LNK2019: unresolved external symbol "__declspec(dllimport) public: virtual __cdecl QImage::~QImage(void)" (__imp_??1QImage@@UEAA@XZ) referenced in function "public: virtual __cdecl CameraView::~CameraView(void)" (??1CameraView@@UEAA@XZ)
CameraView.obj : error LNK2001: unresolved external symbol "__declspec(dllimport) public: virtual __cdecl QImage::~QImage(void)" (__imp_??1QImage@@UEAA@XZ)
main.obj : error LNK2019: unresolved external symbol "__declspec(dllimport) public: __cdecl QQuickPaintedItem::QQuickPaintedItem(class QQuickItem *)" (__imp_??0QQuickPaintedItem@@QEAA@PEAVQQuickItem@@@Z) referenced in function "public: __cdecl CameraView::CameraView(class QQuickItem *)" (??0CameraView@@QEAA@PEAVQQuickItem@@@Z)
main.obj : error LNK2019: unresolved external symbol "__declspec(dllimport) public: virtual __cdecl QQuickPaintedItem::~QQuickPaintedItem(void)" (__imp_??1QQuickPaintedItem@@UEAA@XZ) referenced in function "public: virtual __cdecl CameraView::~CameraView(void)" (??1CameraView@@UEAA@XZ)
main.obj : error LNK2001: unresolved external symbol "public: virtual class QRectF __cdecl QQuickItem::boundingRect(void)const " (?boundingRect@QQuickItem@@UEBA?AVQRectF@@XZ)
main.obj : error LNK2001: unresolved external symbol "protected: virtual void __cdecl QObject::childEvent(class QChildEvent *)" (?childEvent@QObject@@MEAAXPEAVQChildEvent@@@Z)
main.obj : error LNK2001: unresolved external symbol "protected: virtual bool __cdecl QQuickItem::childMouseEventFilter(class QQuickItem *,class QEvent *)" (?childMouseEventFilter@QQuickItem@@MEAA_NPEAV1@PEAVQEvent@@@Z)
main.obj : error LNK2001: unresolved external symbol "protected: virtual void __cdecl QQuickItem::classBegin(void)" (?classBegin@QQuickItem@@MEAAXXZ)
main.obj : error LNK2001: unresolved external symbol "public: virtual class QRectF __cdecl QQuickItem::clipRect(void)const " (?clipRect@QQuickItem@@UEBA?AVQRectF@@XZ)
main.obj : error LNK2001: unresolved external symbol "protected: virtual void __cdecl QQuickItem::componentComplete(void)" (?componentComplete@QQuickItem@@MEAAXXZ)
main.obj : error LNK2001: unresolved external symbol "protected: virtual void __cdecl QObject::connectNotify(class QMetaMethod const &)" (?connectNotify@QObject@@MEAAXAEBVQMetaMethod@@@Z)
main.obj : error LNK2001: unresolved external symbol "public: virtual bool __cdecl QQuickItem::contains(class QPointF const &)const " (?contains@QQuickItem@@UEBA_NAEBVQPointF@@@Z)
main.obj : error LNK2001: unresolved external symbol "protected: virtual void __cdecl QObject::customEvent(class QEvent *)" (?customEvent@QObject@@MEAAXPEAVQEvent@@@Z)
main.obj : error LNK2001: unresolved external symbol "protected: virtual void __cdecl QObject::disconnectNotify(class QMetaMethod const &)" (?disconnectNotify@QObject@@MEAAXAEBVQMetaMethod@@@Z)
main.obj : error LNK2001: unresolved external symbol "protected: virtual void __cdecl QQuickItem::dragEnterEvent(class QDragEnterEvent *)" (?dragEnterEvent@QQuickItem@@MEAAXPEAVQDragEnterEvent@@@Z)
main.obj : error LNK2001: unresolved external symbol "protected: virtual void __cdecl QQuickItem::dragLeaveEvent(class QDragLeaveEvent *)" (?dragLeaveEvent@QQuickItem@@MEAAXPEAVQDragLeaveEvent@@@Z)
main.obj : error LNK2001: unresolved external symbol "protected: virtual void __cdecl QQuickItem::dragMoveEvent(class QDragMoveEvent *)" (?dragMoveEvent@QQuickItem@@MEAAXPEAVQDragMoveEvent@@@Z)
main.obj : error LNK2001: unresolved external symbol "protected: virtual void __cdecl QQuickItem::dropEvent(class QDropEvent *)" (?dropEvent@QQuickItem@@MEAAXPEAVQDropEvent@@@Z)
main.obj : error LNK2001: unresolved external symbol "protected: virtual bool __cdecl QQuickItem::event(class QEvent *)" (?event@QQuickItem@@MEAA_NPEAVQEvent@@@Z)
main.obj : error LNK2001: unresolved external symbol "public: virtual bool __cdecl QObject::eventFilter(class QObject *,class QEvent *)" (?eventFilter@QObject@@UEAA_NPEAV1@PEAVQEvent@@@Z)
main.obj : error LNK2001: unresolved external symbol "protected: virtual void __cdecl QQuickItem::focusInEvent(class QFocusEvent *)" (?focusInEvent@QQuickItem@@MEAAXPEAVQFocusEvent@@@Z)
main.obj : error LNK2001: unresolved external symbol "protected: virtual void __cdecl QQuickItem::focusOutEvent(class QFocusEvent *)" (?focusOutEvent@QQuickItem@@MEAAXPEAVQFocusEvent@@@Z)
main.obj : error LNK2001: unresolved external symbol "protected: virtual void __cdecl QQuickItem::geometryChanged(class QRectF const &,class QRectF const &)" (?geometryChanged@QQuickItem@@MEAAXAEBVQRectF@@0@Z)
main.obj : error LNK2001: unresolved external symbol "protected: virtual void __cdecl QQuickItem::hoverEnterEvent(class QHoverEvent *)" (?hoverEnterEvent@QQuickItem@@MEAAXPEAVQHoverEvent@@@Z)
main.obj : error LNK2001: unresolved external symbol "protected: virtual void __cdecl QQuickItem::hoverLeaveEvent(class QHoverEvent *)" (?hoverLeaveEvent@QQuickItem@@MEAAXPEAVQHoverEvent@@@Z)
main.obj : error LNK2001: unresolved external symbol "protected: virtual void __cdecl QQuickItem::hoverMoveEvent(class QHoverEvent *)" (?hoverMoveEvent@QQuickItem@@MEAAXPEAVQHoverEvent@@@Z)
main.obj : error LNK2001: unresolved external symbol "protected: virtual void __cdecl QQuickItem::inputMethodEvent(class QInputMethodEvent *)" (?inputMethodEvent@QQuickItem@@MEAAXPEAVQInputMethodEvent@@@Z)
main.obj : error LNK2001: unresolved external symbol "public: virtual class QVariant __cdecl QQuickItem::inputMethodQuery(enum Qt::InputMethodQuery)const " (?inputMethodQuery@QQuickItem@@UEBA?AVQVariant@@W4InputMethodQuery@Qt@@@Z)
main.obj : error LNK2001: unresolved external symbol "public: virtual bool __cdecl QQuickPaintedItem::isTextureProvider(void)const " (?isTextureProvider@QQuickPaintedItem@@UEBA_NXZ)
main.obj : error LNK2001: unresolved external symbol "protected: virtual void __cdecl QQuickPaintedItem::itemChange(enum QQuickItem::ItemChange,union QQuickItem::ItemChangeData const &)" (?itemChange@QQuickPaintedItem@@MEAAXW4ItemChange@QQuickItem@@AEBTItemChangeData@3@@Z)
main.obj : error LNK2001: unresolved external symbol "protected: virtual void __cdecl QQuickItem::keyPressEvent(class QKeyEvent *)" (?keyPressEvent@QQuickItem@@MEAAXPEAVQKeyEvent@@@Z)
main.obj : error LNK2001: unresolved external symbol "protected: virtual void __cdecl QQuickItem::keyReleaseEvent(class QKeyEvent *)" (?keyReleaseEvent@QQuickItem@@MEAAXPEAVQKeyEvent@@@Z)
main.obj : error LNK2001: unresolved external symbol "protected: virtual void __cdecl QQuickItem::mouseDoubleClickEvent(class QMouseEvent *)" (?mouseDoubleClickEvent@QQuickItem@@MEAAXPEAVQMouseEvent@@@Z)
main.obj : error LNK2001: unresolved external symbol "protected: virtual void __cdecl QQuickItem::mouseMoveEvent(class QMouseEvent *)" (?mouseMoveEvent@QQuickItem@@MEAAXPEAVQMouseEvent@@@Z)
main.obj : error LNK2001: unresolved external symbol "protected: virtual void __cdecl QQuickItem::mousePressEvent(class QMouseEvent *)" (?mousePressEvent@QQuickItem@@MEAAXPEAVQMouseEvent@@@Z)
main.obj : error LNK2001: unresolved external symbol "protected: virtual void __cdecl QQuickItem::mouseReleaseEvent(class QMouseEvent *)" (?mouseReleaseEvent@QQuickItem@@MEAAXPEAVQMouseEvent@@@Z)
main.obj : error LNK2001: unresolved external symbol "protected: virtual void __cdecl QQuickItem::mouseUngrabEvent(void)" (?mouseUngrabEvent@QQuickItem@@MEAAXXZ)
main.obj : error LNK2001: unresolved external symbol "protected: virtual void __cdecl QQuickPaintedItem::releaseResources(void)" (?releaseResources@QQuickPaintedItem@@MEAAXXZ)
main.obj : error LNK2001: unresolved external symbol "public: virtual class QSGTextureProvider * __cdecl QQuickPaintedItem::textureProvider(void)const " (?textureProvider@QQuickPaintedItem@@UEBAPEAVQSGTextureProvider@@XZ)
main.obj : error LNK2001: unresolved external symbol "protected: virtual void __cdecl QObject::timerEvent(class QTimerEvent *)" (?timerEvent@QObject@@MEAAXPEAVQTimerEvent@@@Z)
main.obj : error LNK2001: unresolved external symbol "protected: virtual void __cdecl QQuickItem::touchEvent(class QTouchEvent *)" (?touchEvent@QQuickItem@@MEAAXPEAVQTouchEvent@@@Z)
main.obj : error LNK2001: unresolved external symbol "protected: virtual void __cdecl QQuickItem::touchUngrabEvent(void)" (?touchUngrabEvent@QQuickItem@@MEAAXXZ)
main.obj : error LNK2001: unresolved external symbol "protected: virtual class QSGNode * __cdecl QQuickPaintedItem::updatePaintNode(class QSGNode *,struct QQuickItem::UpdatePaintNodeData *)" (?updatePaintNode@QQuickPaintedItem@@MEAAPEAVQSGNode@@PEAV2@PEAUUpdatePaintNodeData@QQuickItem@@@Z)
main.obj : error LNK2001: unresolved external symbol "protected: virtual void __cdecl QQuickItem::updatePolish(void)" (?updatePolish@QQuickItem@@MEAAXXZ)
main.obj : error LNK2001: unresolved external symbol "protected: virtual void __cdecl QQuickItem::wheelEvent(class QWheelEvent *)" (?wheelEvent@QQuickItem@@MEAAXPEAVQWheelEvent@@@Z)
main.obj : error LNK2001: unresolved external symbol "protected: virtual void __cdecl QQuickItem::windowDeactivateEvent(void)" (?windowDeactivateEvent@QQuickItem@@MEAAXXZ)
main.obj : error LNK2001: unresolved external symbol "__declspec(dllimport) public: static struct QMetaObject const QObject::staticMetaObject" (__imp_?staticMetaObject@QObject@@2UQMetaObject@@B)
main.obj : error LNK2001: unresolved external symbol "__declspec(dllimport) public: static struct QMetaObject const QQmlApplicationEngine::staticMetaObject" (__imp_?staticMetaObject@QQmlApplicationEngine@@2UQMetaObject@@B)
CameraView.obj : error LNK2019: unresolved external symbol "__declspec(dllimport) public: __cdecl QImage::QImage(unsigned char *,int,int,enum QImage::Format,void (__cdecl*)(void *),void *)" (__imp_??0QImage@@QEAA@PEAEHHW4Format@0@P6AXPEAX@Z2@Z) referenced in function "public: void __cdecl CameraView::updateImage(class std::unique_ptr<class SimpleBuffer<unsigned char>,struct std::default_delete<class SimpleBuffer<unsigned char> > >,int,int,enum QImage::Format)" (?updateImage@CameraView@@QEAAXV?$unique_ptr@V?$SimpleBuffer@E@@U?$default_delete@V?$SimpleBuffer@E@@@std@@@std@@HHW4Format@QImage@@@Z)
CameraView.obj : error LNK2019: unresolved external symbol "__declspec(dllimport) public: class QImage & __cdecl QImage::operator=(class QImage &&)" (__imp_??4QImage@@QEAAAEAV0@$$QEAV0@@Z) referenced in function "public: void __cdecl CameraView::updateImage(class std::unique_ptr<class SimpleBuffer<unsigned char>,struct std::default_delete<class SimpleBuffer<unsigned char> > >,int,int,enum QImage::Format)" (?updateImage@CameraView@@QEAAXV?$unique_ptr@V?$SimpleBuffer@E@@U?$default_delete@V?$SimpleBuffer@E@@@std@@@std@@HHW4Format@QImage@@@Z)
CameraView.obj : error LNK2019: unresolved external symbol "__declspec(dllimport) public: void __cdecl QPainter::drawImage(class QRectF const &,class QImage const &)" (__imp_?drawImage@QPainter@@QEAAXAEBVQRectF@@AEBVQImage@@@Z) referenced in function "public: virtual void __cdecl CameraView::paint(class QPainter *)" (?paint@CameraView@@UEAAXPEAVQPainter@@@Z)
qrc_qml.obj : error LNK2019: unresolved external symbol "bool __cdecl qRegisterResourceData(int,unsigned char const *,unsigned char const *,unsigned char const *)" (?qRegisterResourceData@@YA_NHPEBE00@Z) referenced in function "int __cdecl qInitResources_qml(void)" (?qInitResources_qml@@YAHXZ)
qrc_qml.obj : error LNK2019: unresolved external symbol "bool __cdecl qUnregisterResourceData(int,unsigned char const *,unsigned char const *,unsigned char const *)" (?qUnregisterResourceData@@YA_NHPEBE00@Z) referenced in function "int __cdecl qCleanupResources_qml(void)" (?qCleanupResources_qml@@YAHXZ)
C:\msys64\home\LZ\roosek_ocr2\Debug\roosek2.exe : fatal error LNK1120: 105 unresolved externals
